<?xml version="1.0" encoding="UTF-8"?>
<testsuite name="com.csc.ZipperTest" tests="7" skipped="0" failures="0" errors="0" timestamp="2024-10-14T03:24:08" hostname="Bens-Air.attlocal.net" time="0.013">
  <properties/>
  <testcase name="mergeIntegerListsWhenListOneIsLonger()" classname="com.csc.ZipperTest" time="0.007"/>
  <testcase name="mergeListsOfTypeDouble()" classname="com.csc.ZipperTest" time="0.0"/>
  <testcase name="mergeIntegerListsWhenListTwoIsLonger()" classname="com.csc.ZipperTest" time="0.0"/>
  <testcase name="mergeStringListsWhenListOneIsLonger()" classname="com.csc.ZipperTest" time="0.001"/>
  <testcase name="mergeStringLists()" classname="com.csc.ZipperTest" time="0.0"/>
  <testcase name="mergeStringListsWhenListTwoIsLonger()" classname="com.csc.ZipperTest" time="0.001"/>
  <testcase name="mergeIntegerListsWithThreeElements()" classname="com.csc.ZipperTest" time="0.0"/>
  <system-out><![CDATA[]]></system-out>
  <system-err><![CDATA[]]></system-err>
</testsuite>
