<?xml version="1.0" encoding="UTF-8"?>
<testsuite name="com.csc.ZipperTest" tests="10" skipped="0" failures="0" errors="0" timestamp="2024-11-01T15:11:00" hostname="Bens-Air.attlocal.net" time="0.016">
  <properties/>
  <testcase name="mergeIntegerListsWhenListOneIsLonger()" classname="com.csc.ZipperTest" time="0.008"/>
  <testcase name="HashMapifyListsOfUnequalSize()" classname="com.csc.ZipperTest" time="0.001"/>
  <testcase name="mergeListsOfTypeDouble()" classname="com.csc.ZipperTest" time="0.001"/>
  <testcase name="mergeIntegerListsWhenListTwoIsLonger()" classname="com.csc.ZipperTest" time="0.001"/>
  <testcase name="mergeStringListsWhenListOneIsLonger()" classname="com.csc.ZipperTest" time="0.0"/>
  <testcase name="HashMapifyStringAndInt()" classname="com.csc.ZipperTest" time="0.0"/>
  <testcase name="mergeStringLists()" classname="com.csc.ZipperTest" time="0.001"/>
  <testcase name="mergeStringListsWhenListTwoIsLonger()" classname="com.csc.ZipperTest" time="0.0"/>
  <testcase name="HashMapifyStringAndString()" classname="com.csc.ZipperTest" time="0.0"/>
  <testcase name="mergeIntegerListsWithThreeElements()" classname="com.csc.ZipperTest" time="0.001"/>
  <system-out><![CDATA[]]></system-out>
  <system-err><![CDATA[]]></system-err>
</testsuite>
